# JRE version: OpenJDK Runtime Environment Temurin-17.0.6+10 (17.0.6+10) (build 17.0.6+10)
# Java VM: OpenJDK 64-Bit Server VM Temurin-17.0.6+10 (17.0.6+10, mixed mode, tiered, compressed oops, compressed class ptrs, g1 gc, windows-amd64)
GC Precious Log:
 CPUs: 4 total, 4 available
 Memory: 5995M
 Large Page Support: Disabled
 NUMA Support: Disabled
 Compressed Oops: Enabled (32-bit)
 Heap Region Size: 1M
 Heap Min Capacity: 8M
 Heap Initial Capacity: 94M
 Heap Max Capacity: 1500M
 Pre-touch: Disabled
 Parallel Workers: 4
 Concurrent Workers: 1
 Concurrent Refinement Workers: 4
 Periodic GC: Disabled
Heap:
 garbage-first heap   total 59392K, used 35265K [0x00000000a2400000, 0x0000000100000000)
  region size 1024K, 15 young (15360K), 3 survivors (3072K)
 Metaspace       used 69276K, committed 69824K, reserved 1114112K
  class space    used 8790K, committed 9024K, reserved 1048576K
GC Heap History (20 events):
Event: 16.581 GC heap before
{Heap before GC invocations=20 (full 0):
 garbage-first heap   total 49152K, used 38339K [0x00000000a2400000, 0x0000000100000000)
  region size 1024K, 18 young (18432K), 3 survivors (3072K)
 Metaspace       used 65612K, committed 66112K, reserved 1114112K
  class space    used 8475K, committed 8704K, reserved 1048576K
}
Event: 16.589 GC heap after
{Heap after GC invocations=21 (full 0):
 garbage-first heap   total 49152K, used 24632K [0x00000000a2400000, 0x0000000100000000)
  region size 1024K, 3 young (3072K), 3 survivors (3072K)
 Metaspace       used 65612K, committed 66112K, reserved 1114112K
  class space    used 8475K, committed 8704K, reserved 1048576K
}
Event: 79.476 GC heap before
{Heap before GC invocations=21 (full 0):
 garbage-first heap   total 49152K, used 38968K [0x00000000a2400000, 0x0000000100000000)
  region size 1024K, 17 young (17408K), 3 survivors (3072K)
 Metaspace       used 67186K, committed 67648K, reserved 1114112K
  class space    used 8659K, committed 8896K, reserved 1048576K
}
Event: 79.486 GC heap after
{Heap after GC invocations=22 (full 0):
 garbage-first heap   total 59392K, used 25755K [0x00000000a2400000, 0x0000000100000000)
  region size 1024K, 2 young (2048K), 2 survivors (2048K)
 Metaspace       used 67186K, committed 67648K, reserved 1114112K
  class space    used 8659K, committed 8896K, reserved 1048576K
}
Event: 1078.932 GC heap before
{Heap before GC invocations=23 (full 0):
 garbage-first heap   total 59392K, used 46235K [0x00000000a2400000, 0x0000000100000000)
  region size 1024K, 23 young (23552K), 2 survivors (2048K)
 Metaspace       used 67395K, committed 67840K, reserved 1114112K
  class space    used 8691K, committed 8896K, reserved 1048576K
}
Event: 1078.997 GC heap after
{Heap after GC invocations=24 (full 1):
 garbage-first heap   total 59392K, used 21198K [0x00000000a2400000, 0x0000000100000000)
  region size 1024K, 0 young (0K), 0 survivors (0K)
 Metaspace       used 67395K, committed 67840K, reserved 1114112K
  class space    used 8691K, committed 8896K, reserved 1048576K
}
Event: 1080.721 GC heap before
{Heap before GC invocations=24 (full 1):
 garbage-first heap   total 59392K, used 45774K [0x00000000a2400000, 0x0000000100000000)
  region size 1024K, 24 young (24576K), 0 survivors (0K)
 Metaspace       used 67710K, committed 68224K, reserved 1114112K
  class space    used 8695K, committed 8896K, reserved 1048576K
}
Event: 1080.727 GC heap after
{Heap after GC invocations=25 (full 1):
 garbage-first heap   total 59392K, used 23464K [0x00000000a2400000, 0x0000000100000000)
  region size 1024K, 3 young (3072K), 3 survivors (3072K)
 Metaspace       used 67710K, committed 68224K, reserved 1114112K
  class space    used 8695K, committed 8896K, reserved 1048576K
}
Event: 1082.860 GC heap before
{Heap before GC invocations=25 (full 1):
 garbage-first heap   total 59392K, used 44968K [0x00000000a2400000, 0x0000000100000000)
  region size 1024K, 24 young (24576K), 3 survivors (3072K)
 Metaspace       used 68077K, committed 68608K, reserved 1114112K
  class space    used 8706K, committed 8960K, reserved 1048576K
}
Event: 1082.870 GC heap after
{Heap after GC invocations=26 (full 1):
 garbage-first heap   total 59392K, used 25221K [0x00000000a2400000, 0x0000000100000000)
  region size 1024K, 2 young (2048K), 2 survivors (2048K)
 Metaspace       used 68077K, committed 68608K, reserved 1114112K
  class space    used 8706K, committed 8960K, reserved 1048576K
}
Event: 1197.930 GC heap before
{Heap before GC invocations=26 (full 1):
 garbage-first heap   total 59392K, used 35461K [0x00000000a2400000, 0x0000000100000000)
  region size 1024K, 13 young (13312K), 2 survivors (2048K)
 Metaspace       used 68210K, committed 68736K, reserved 1114112K
  class space    used 8712K, committed 8960K, reserved 1048576K
}
Event: 1197.990 GC heap after
{Heap after GC invocations=27 (full 2):
 garbage-first heap   total 59392K, used 21570K [0x00000000a2400000, 0x0000000100000000)
  region size 1024K, 0 young (0K), 0 survivors (0K)
 Metaspace       used 68207K, committed 68736K, reserved 1114112K
  class space    used 8712K, committed 8960K, reserved 1048576K
}
Event: 1198.786 GC heap before
{Heap before GC invocations=27 (full 2):
 garbage-first heap   total 59392K, used 46146K [0x00000000a2400000, 0x0000000100000000)
  region size 1024K, 24 young (24576K), 0 survivors (0K)
 Metaspace       used 68401K, committed 68928K, reserved 1114112K
  class space    used 8713K, committed 8960K, reserved 1048576K
}
Event: 1198.792 GC heap after
{Heap after GC invocations=28 (full 2):
 garbage-first heap   total 59392K, used 23891K [0x00000000a2400000, 0x0000000100000000)
  region size 1024K, 3 young (3072K), 3 survivors (3072K)
 Metaspace       used 68401K, committed 68928K, reserved 1114112K
  class space    used 8713K, committed 8960K, reserved 1048576K
}
Event: 1199.862 GC heap before
{Heap before GC invocations=28 (full 2):
 garbage-first heap   total 59392K, used 45395K [0x00000000a2400000, 0x0000000100000000)
  region size 1024K, 24 young (24576K), 3 survivors (3072K)
 Metaspace       used 68669K, committed 69184K, reserved 1114112K
  class space    used 8721K, committed 8960K, reserved 1048576K
}
Event: 1199.872 GC heap after
{Heap after GC invocations=29 (full 2):
 garbage-first heap   total 59392K, used 25500K [0x00000000a2400000, 0x0000000100000000)
  region size 1024K, 2 young (2048K), 2 survivors (2048K)
 Metaspace       used 68669K, committed 69184K, reserved 1114112K
  class space    used 8721K, committed 8960K, reserved 1048576K
}
Event: 1351.700 GC heap before
{Heap before GC invocations=29 (full 2):
 garbage-first heap   total 59392K, used 36764K [0x00000000a2400000, 0x0000000100000000)
  region size 1024K, 14 young (14336K), 2 survivors (2048K)
 Metaspace       used 68787K, committed 69376K, reserved 1114112K
  class space    used 8725K, committed 8960K, reserved 1048576K
}
Event: 1351.755 GC heap after
{Heap after GC invocations=30 (full 3):
 garbage-first heap   total 59392K, used 21770K [0x00000000a2400000, 0x0000000100000000)
  region size 1024K, 0 young (0K), 0 survivors (0K)
 Metaspace       used 68784K, committed 69376K, reserved 1114112K
  class space    used 8724K, committed 8960K, reserved 1048576K
}
Event: 1352.791 GC heap before
{Heap before GC invocations=30 (full 3):
 garbage-first heap   total 59392K, used 45322K [0x00000000a2400000, 0x0000000100000000)
  region size 1024K, 24 young (24576K), 0 survivors (0K)
 Metaspace       used 69166K, committed 69696K, reserved 1114112K
  class space    used 8783K, committed 9024K, reserved 1048576K
}
Event: 1352.796 GC heap after
{Heap after GC invocations=31 (full 3):
 garbage-first heap   total 59392K, used 24001K [0x00000000a2400000, 0x0000000100000000)
  region size 1024K, 3 young (3072K), 3 survivors (3072K)
 Metaspace       used 69166K, committed 69696K, reserved 1114112K
  class space    used 8783K, committed 9024K, reserved 1048576K
}

